c:\users\森近　淳哉\desktop\git\akusyon\ゲーム実習　後期\gameprogramming\debug\vc120.pdb
c:\users\森近　淳哉\desktop\git\akusyon\ゲーム実習　後期\gameprogramming\debug\vc120.idb
c:\users\森近　淳哉\desktop\git\akusyon\ゲーム実習　後期\gameprogramming\debug\crock2.obj
c:\users\森近　淳哉\desktop\git\akusyon\ゲーム実習　後期\gameprogramming\debug\cscenetitle.obj
c:\users\森近　淳哉\desktop\git\akusyon\ゲーム実習　後期\gameprogramming\debug\cshader.obj
c:\users\森近　淳哉\desktop\git\akusyon\ゲーム実習　後期\gameprogramming\debug\cxenemy.obj
c:\users\森近　淳哉\desktop\git\akusyon\ゲーム実習　後期\gameprogramming\debug\cxenemy1.obj
c:\users\森近　淳哉\desktop\git\akusyon\ゲーム実習　後期\gameprogramming\debug\cxenemy2.obj
c:\users\森近　淳哉\desktop\git\akusyon\ゲーム実習　後期\gameprogramming\debug\cxplayer.obj
c:\users\森近　淳哉\desktop\git\akusyon\ゲーム実習　後期\gameprogramming\debug\cres.obj
c:\users\森近　淳哉\desktop\git\akusyon\ゲーム実習　後期\gameprogramming\debug\cscene.obj
c:\users\森近　淳哉\desktop\git\akusyon\ゲーム実習　後期\gameprogramming\debug\cscenegame.obj
c:\users\森近　淳哉\desktop\git\akusyon\ゲーム実習　後期\gameprogramming\debug\cscenemanager.obj
c:\users\森近　淳哉\desktop\git\akusyon\ゲーム実習　後期\gameprogramming\debug\ctaskmanager.obj
c:\users\森近　淳哉\desktop\git\akusyon\ゲーム実習　後期\gameprogramming\debug\ctext.obj
c:\users\森近　淳哉\desktop\git\akusyon\ゲーム実習　後期\gameprogramming\debug\ctexture.obj
c:\users\森近　淳哉\desktop\git\akusyon\ゲーム実習　後期\gameprogramming\debug\ctransform.obj
c:\users\森近　淳哉\desktop\git\akusyon\ゲーム実習　後期\gameprogramming\debug\ctriangle.obj
c:\users\森近　淳哉\desktop\git\akusyon\ゲーム実習　後期\gameprogramming\debug\cvector.obj
c:\users\森近　淳哉\desktop\git\akusyon\ゲーム実習　後期\gameprogramming\debug\cxcharacter.obj
c:\users\森近　淳哉\desktop\git\akusyon\ゲーム実習　後期\gameprogramming\debug\main.obj
c:\users\森近　淳哉\desktop\git\akusyon\ゲーム実習　後期\gameprogramming\debug\cwatergun.obj
c:\users\森近　淳哉\desktop\git\akusyon\ゲーム実習　後期\gameprogramming\debug\ccharacter.obj
c:\users\森近　淳哉\desktop\git\akusyon\ゲーム実習　後期\gameprogramming\debug\ccollider.obj
c:\users\森近　淳哉\desktop\git\akusyon\ゲーム実習　後期\gameprogramming\debug\ccollisionmanager.obj
c:\users\森近　淳哉\desktop\git\akusyon\ゲーム実習　後期\gameprogramming\debug\ceffect.obj
c:\users\森近　淳哉\desktop\git\akusyon\ゲーム実習　後期\gameprogramming\debug\ceye.obj
c:\users\森近　淳哉\desktop\git\akusyon\ゲーム実習　後期\gameprogramming\debug\cinput.obj
c:\users\森近　淳哉\desktop\git\akusyon\ゲーム実習　後期\gameprogramming\debug\ckey.obj
c:\users\森近　淳哉\desktop\git\akusyon\ゲーム実習　後期\gameprogramming\debug\cmap.obj
c:\users\森近　淳哉\desktop\git\akusyon\ゲーム実習　後期\gameprogramming\debug\cmaterial.obj
c:\users\森近　淳哉\desktop\git\akusyon\ゲーム実習　後期\gameprogramming\debug\cmatrix.obj
c:\users\森近　淳哉\desktop\git\akusyon\ゲーム実習　後期\gameprogramming\debug\cmodel.obj
c:\users\森近　淳哉\desktop\git\akusyon\ゲーム実習　後期\gameprogramming\debug\cmodelx.obj
c:\users\森近　淳哉\desktop\git\akusyon\ゲーム実習　後期\gameprogramming\debug\cmyshader.obj
c:\users\森近　淳哉\desktop\git\akusyon\ゲーム実習　後期\gameprogramming\debug\cobj.obj
c:\users\森近　淳哉\desktop\git\akusyon\ゲーム実習　後期\gameprogramming\debug\cpoint.obj
c:\users\森近　淳哉\desktop\git\akusyon\ゲーム実習　後期\gameprogramming\debug\cpuddle.obj
c:\users\森近　淳哉\desktop\git\akusyon\ゲーム実習　後期\gameprogramming\debug\cpuddle1.obj
c:\users\森近　淳哉\desktop\git\akusyon\ゲーム実習　後期\gameprogramming\debug\cpuddle2.obj
c:\users\森近　淳哉\desktop\git\akusyon\ゲーム実習　後期\gameprogramming\debug\crectangle.obj
c:\users\森近　淳哉\desktop\git\akusyon\ゲーム実習　後期\gameprogramming\debug\crock.obj
c:\users\森近　淳哉\desktop\git\akusyon\ゲーム実習　後期\gameprogramming\debug\cbillboard.obj
c:\users\森近　淳哉\desktop\git\akusyon\ゲーム実習　後期\gameprogramming\debug\cbullet.obj
c:\users\森近　淳哉\desktop\git\akusyon\ゲーム実習　後期\gameprogramming\debug\ccamera.obj
c:\users\森近　淳哉\desktop\git\akusyon\ゲーム実習　後期\debug\gameprogramming.ilk
c:\users\森近　淳哉\desktop\git\akusyon\ゲーム実習　後期\debug\gameprogramming.exe
c:\users\森近　淳哉\desktop\git\akusyon\ゲーム実習　後期\debug\gameprogramming.pdb
c:\users\森近　淳哉\desktop\git\akusyon\ゲーム実習　後期\gameprogramming\debug\gameprogramming.tlog\cl.command.1.tlog
c:\users\森近　淳哉\desktop\git\akusyon\ゲーム実習　後期\gameprogramming\debug\gameprogramming.tlog\cl.read.1.tlog
c:\users\森近　淳哉\desktop\git\akusyon\ゲーム実習　後期\gameprogramming\debug\gameprogramming.tlog\cl.write.1.tlog
c:\users\森近　淳哉\desktop\git\akusyon\ゲーム実習　後期\gameprogramming\debug\gameprogramming.tlog\link.command.1.tlog
c:\users\森近　淳哉\desktop\git\akusyon\ゲーム実習　後期\gameprogramming\debug\gameprogramming.tlog\link.read.1.tlog
c:\users\森近　淳哉\desktop\git\akusyon\ゲーム実習　後期\gameprogramming\debug\gameprogramming.tlog\link.write.1.tlog
