c:\users\森近　淳哉\desktop\git\akusyon\ゲーム実習　後期\gameprogramming\release\vc120.pdb
c:\users\森近　淳哉\desktop\git\akusyon\ゲーム実習　後期\gameprogramming\release\cpuddle1.obj
c:\users\森近　淳哉\desktop\git\akusyon\ゲーム実習　後期\gameprogramming\release\cpuddle.obj
c:\users\森近　淳哉\desktop\git\akusyon\ゲーム実習　後期\gameprogramming\release\cpoint.obj
c:\users\森近　淳哉\desktop\git\akusyon\ゲーム実習　後期\gameprogramming\release\cobj.obj
c:\users\森近　淳哉\desktop\git\akusyon\ゲーム実習　後期\gameprogramming\release\cmyshader.obj
c:\users\森近　淳哉\desktop\git\akusyon\ゲーム実習　後期\gameprogramming\release\cmodelx.obj
c:\users\森近　淳哉\desktop\git\akusyon\ゲーム実習　後期\gameprogramming\release\cmodel.obj
c:\users\森近　淳哉\desktop\git\akusyon\ゲーム実習　後期\gameprogramming\release\cmatrix.obj
c:\users\森近　淳哉\desktop\git\akusyon\ゲーム実習　後期\gameprogramming\release\cmaterial.obj
c:\users\森近　淳哉\desktop\git\akusyon\ゲーム実習　後期\gameprogramming\release\cmap.obj
c:\users\森近　淳哉\desktop\git\akusyon\ゲーム実習　後期\gameprogramming\release\ckey.obj
c:\users\森近　淳哉\desktop\git\akusyon\ゲーム実習　後期\gameprogramming\release\cinput.obj
c:\users\森近　淳哉\desktop\git\akusyon\ゲーム実習　後期\gameprogramming\release\ceye.obj
c:\users\森近　淳哉\desktop\git\akusyon\ゲーム実習　後期\gameprogramming\release\ceffect.obj
c:\users\森近　淳哉\desktop\git\akusyon\ゲーム実習　後期\gameprogramming\release\ccollisionmanager.obj
c:\users\森近　淳哉\desktop\git\akusyon\ゲーム実習　後期\gameprogramming\release\ccollider.obj
c:\users\森近　淳哉\desktop\git\akusyon\ゲーム実習　後期\gameprogramming\release\ccharacter.obj
c:\users\森近　淳哉\desktop\git\akusyon\ゲーム実習　後期\gameprogramming\release\ccamera.obj
c:\users\森近　淳哉\desktop\git\akusyon\ゲーム実習　後期\gameprogramming\release\cbullet.obj
c:\users\森近　淳哉\desktop\git\akusyon\ゲーム実習　後期\gameprogramming\release\cbillboard.obj
c:\users\森近　淳哉\desktop\git\akusyon\ゲーム実習　後期\gameprogramming\release\main.obj
c:\users\森近　淳哉\desktop\git\akusyon\ゲーム実習　後期\gameprogramming\release\cxcharacter.obj
c:\users\森近　淳哉\desktop\git\akusyon\ゲーム実習　後期\gameprogramming\release\cvector.obj
c:\users\森近　淳哉\desktop\git\akusyon\ゲーム実習　後期\gameprogramming\release\ctriangle.obj
c:\users\森近　淳哉\desktop\git\akusyon\ゲーム実習　後期\gameprogramming\release\ctransform.obj
c:\users\森近　淳哉\desktop\git\akusyon\ゲーム実習　後期\gameprogramming\release\ctexture.obj
c:\users\森近　淳哉\desktop\git\akusyon\ゲーム実習　後期\gameprogramming\release\ctext.obj
c:\users\森近　淳哉\desktop\git\akusyon\ゲーム実習　後期\gameprogramming\release\ctaskmanager.obj
c:\users\森近　淳哉\desktop\git\akusyon\ゲーム実習　後期\gameprogramming\release\cscenemanager.obj
c:\users\森近　淳哉\desktop\git\akusyon\ゲーム実習　後期\gameprogramming\release\cscenegame.obj
c:\users\森近　淳哉\desktop\git\akusyon\ゲーム実習　後期\gameprogramming\release\cscene.obj
c:\users\森近　淳哉\desktop\git\akusyon\ゲーム実習　後期\gameprogramming\release\cres.obj
c:\users\森近　淳哉\desktop\git\akusyon\ゲーム実習　後期\gameprogramming\release\cxplayer.obj
c:\users\森近　淳哉\desktop\git\akusyon\ゲーム実習　後期\gameprogramming\release\cxenemy1.obj
c:\users\森近　淳哉\desktop\git\akusyon\ゲーム実習　後期\gameprogramming\release\cxenemy.obj
c:\users\森近　淳哉\desktop\git\akusyon\ゲーム実習　後期\gameprogramming\release\cshader.obj
c:\users\森近　淳哉\desktop\git\akusyon\ゲーム実習　後期\gameprogramming\release\cscenetitle.obj
c:\users\森近　淳哉\desktop\git\akusyon\ゲーム実習　後期\gameprogramming\release\crock.obj
c:\users\森近　淳哉\desktop\git\akusyon\ゲーム実習　後期\gameprogramming\release\crectangle.obj
c:\users\森近　淳哉\desktop\git\akusyon\ゲーム実習　後期\gameprogramming\release\cpuddle2.obj
c:\users\森近　淳哉\desktop\git\akusyon\ゲーム実習　後期\gameprogramming\release\cwatergun.obj
c:\users\森近　淳哉\desktop\git\akusyon\ゲーム実習　後期\gameprogramming\release\crock2.obj
c:\users\森近　淳哉\desktop\git\akusyon\ゲーム実習　後期\gameprogramming\release\cxenemy2.obj
c:\users\森近　淳哉\desktop\git\akusyon\ゲーム実習　後期\release\gameprogramming.exe
c:\users\森近　淳哉\desktop\git\akusyon\ゲーム実習　後期\release\gameprogramming.pdb
c:\users\森近　淳哉\desktop\git\akusyon\ゲーム実習　後期\gameprogramming\release\gameprogramming.tlog\cl.command.1.tlog
c:\users\森近　淳哉\desktop\git\akusyon\ゲーム実習　後期\gameprogramming\release\gameprogramming.tlog\cl.read.1.tlog
c:\users\森近　淳哉\desktop\git\akusyon\ゲーム実習　後期\gameprogramming\release\gameprogramming.tlog\cl.write.1.tlog
c:\users\森近　淳哉\desktop\git\akusyon\ゲーム実習　後期\gameprogramming\release\gameprogramming.tlog\link.command.1.tlog
c:\users\森近　淳哉\desktop\git\akusyon\ゲーム実習　後期\gameprogramming\release\gameprogramming.tlog\link.read.1.tlog
c:\users\森近　淳哉\desktop\git\akusyon\ゲーム実習　後期\gameprogramming\release\gameprogramming.tlog\link.write.1.tlog
