2020/12/30 7:11:15 にビルドを開始しました。
     1>ノード 2 上のプロジェクト "C:\Users\森近　淳哉\Desktop\Git\Akusyon\ゲーム実習　後期\GameProgramming\GameProgramming.vcxproj" (Rebuild ターゲット)。
     1>ClCompile:
         C:\Program Files (x86)\Microsoft Visual Studio 12.0\VC\bin\CL.exe /c /Zi /nologo /W3 /WX- /O2 /Oi /Oy- /GL /D WIN32 /D NDEBUG /D _CONSOLE /D _LIB /D _UNICODE /D UNICODE /Gm- /EHsc /MD /GS /Gy /fp:precise /Zc:wchar_t /Zc:forScope /Fo"Release\\" /Fd"Release\vc120.pdb" /Gd /TP /analyze- /errorReport:prompt CBillBoard.cpp CBullet.cpp CCamera.cpp CCharacter.cpp CCollider.cpp CCollisionManager.cpp CEffect.cpp CEye.cpp CInput.cpp CKey.cpp CMap.cpp CMaterial.cpp CMatrix.cpp CModel.cpp CModelX.cpp CMyShader.cpp CObj.cpp CPoint.cpp CPuddle.cpp CPuddle1.cpp CPuddle2.cpp CRectangle.cpp CRock.cpp CRock2.cpp CSceneTitle.cpp CShader.cpp CXEnemy.cpp CXEnemy1.cpp CXEnemy2.cpp CXPlayer.cpp CRes.cpp CScene.cpp CSceneGame.cpp CSceneManager.cpp CTaskManager.cpp CText.cpp CTexture.cpp CTransform.cpp CTriangle.cpp CVector.cpp CXCharacter.cpp main.cpp CWaterGun.cpp
         CBillBoard.cpp
     1>c:\users\森近　淳哉\desktop\git\akusyon\ゲーム実習　後期\gameprogramming\CModelX.h(66): warning C4018: '<' : signed と unsigned の数値を比較しようとしました。
     1>c:\users\森近　淳哉\desktop\git\akusyon\ゲーム実習　後期\gameprogramming\CModelX.h(147): warning C4018: '<' : signed と unsigned の数値を比較しようとしました。
     1>c:\users\森近　淳哉\desktop\git\akusyon\ゲーム実習　後期\gameprogramming\CModelX.h(222): warning C4018: '<' : signed と unsigned の数値を比較しようとしました。
     1>c:\users\森近　淳哉\desktop\git\akusyon\ゲーム実習　後期\gameprogramming\CModelX.h(225): warning C4018: '<' : signed と unsigned の数値を比較しようとしました。
     1>c:\users\森近　淳哉\desktop\git\akusyon\ゲーム実習　後期\gameprogramming\CModelX.h(226): warning C4150: 'CMaterial' 型を削除するため delete 演算子が呼び出されましたが、定義がありません。
                 c:\users\森近　淳哉\desktop\git\akusyon\ゲーム実習　後期\gameprogramming\CMyShader.h(7) : 'CMaterial' の宣言を確認してください。
         CBullet.cpp
     1>c:\users\森近　淳哉\desktop\git\akusyon\ゲーム実習　後期\gameprogramming\CModelX.h(66): warning C4018: '<' : signed と unsigned の数値を比較しようとしました。
     1>c:\users\森近　淳哉\desktop\git\akusyon\ゲーム実習　後期\gameprogramming\CModelX.h(147): warning C4018: '<' : signed と unsigned の数値を比較しようとしました。
     1>c:\users\森近　淳哉\desktop\git\akusyon\ゲーム実習　後期\gameprogramming\CModelX.h(222): warning C4018: '<' : signed と unsigned の数値を比較しようとしました。
     1>c:\users\森近　淳哉\desktop\git\akusyon\ゲーム実習　後期\gameprogramming\CModelX.h(225): warning C4018: '<' : signed と unsigned の数値を比較しようとしました。
     1>c:\users\森近　淳哉\desktop\git\akusyon\ゲーム実習　後期\gameprogramming\CModelX.h(226): warning C4150: 'CMaterial' 型を削除するため delete 演算子が呼び出されましたが、定義がありません。
                 c:\users\森近　淳哉\desktop\git\akusyon\ゲーム実習　後期\gameprogramming\CMyShader.h(7) : 'CMaterial' の宣言を確認してください。
         CCamera.cpp
         CCharacter.cpp
     1>c:\users\森近　淳哉\desktop\git\akusyon\ゲーム実習　後期\gameprogramming\CModelX.h(66): warning C4018: '<' : signed と unsigned の数値を比較しようとしました。
     1>c:\users\森近　淳哉\desktop\git\akusyon\ゲーム実習　後期\gameprogramming\CModelX.h(147): warning C4018: '<' : signed と unsigned の数値を比較しようとしました。
     1>c:\users\森近　淳哉\desktop\git\akusyon\ゲーム実習　後期\gameprogramming\CModelX.h(222): warning C4018: '<' : signed と unsigned の数値を比較しようとしました。
     1>c:\users\森近　淳哉\desktop\git\akusyon\ゲーム実習　後期\gameprogramming\CModelX.h(225): warning C4018: '<' : signed と unsigned の数値を比較しようとしました。
     1>c:\users\森近　淳哉\desktop\git\akusyon\ゲーム実習　後期\gameprogramming\CModelX.h(226): warning C4150: 'CMaterial' 型を削除するため delete 演算子が呼び出されましたが、定義がありません。
                 c:\users\森近　淳哉\desktop\git\akusyon\ゲーム実習　後期\gameprogramming\CMyShader.h(7) : 'CMaterial' の宣言を確認してください。
         CCollider.cpp
     1>c:\users\森近　淳哉\desktop\git\akusyon\ゲーム実習　後期\gameprogramming\CModelX.h(66): warning C4018: '<' : signed と unsigned の数値を比較しようとしました。
     1>c:\users\森近　淳哉\desktop\git\akusyon\ゲーム実習　後期\gameprogramming\CModelX.h(147): warning C4018: '<' : signed と unsigned の数値を比較しようとしました。
     1>c:\users\森近　淳哉\desktop\git\akusyon\ゲーム実習　後期\gameprogramming\CModelX.h(222): warning C4018: '<' : signed と unsigned の数値を比較しようとしました。
     1>c:\users\森近　淳哉\desktop\git\akusyon\ゲーム実習　後期\gameprogramming\CModelX.h(225): warning C4018: '<' : signed と unsigned の数値を比較しようとしました。
     1>c:\users\森近　淳哉\desktop\git\akusyon\ゲーム実習　後期\gameprogramming\CModelX.h(226): warning C4150: 'CMaterial' 型を削除するため delete 演算子が呼び出されましたが、定義がありません。
                 c:\users\森近　淳哉\desktop\git\akusyon\ゲーム実習　後期\gameprogramming\CMyShader.h(7) : 'CMaterial' の宣言を確認してください。
         CCollisionManager.cpp
     1>c:\users\森近　淳哉\desktop\git\akusyon\ゲーム実習　後期\gameprogramming\CModelX.h(66): warning C4018: '<' : signed と unsigned の数値を比較しようとしました。
     1>c:\users\森近　淳哉\desktop\git\akusyon\ゲーム実習　後期\gameprogramming\CModelX.h(147): warning C4018: '<' : signed と unsigned の数値を比較しようとしました。
     1>c:\users\森近　淳哉\desktop\git\akusyon\ゲーム実習　後期\gameprogramming\CModelX.h(222): warning C4018: '<' : signed と unsigned の数値を比較しようとしました。
     1>c:\users\森近　淳哉\desktop\git\akusyon\ゲーム実習　後期\gameprogramming\CModelX.h(225): warning C4018: '<' : signed と unsigned の数値を比較しようとしました。
     1>c:\users\森近　淳哉\desktop\git\akusyon\ゲーム実習　後期\gameprogramming\CModelX.h(226): warning C4150: 'CMaterial' 型を削除するため delete 演算子が呼び出されましたが、定義がありません。
                 c:\users\森近　淳哉\desktop\git\akusyon\ゲーム実習　後期\gameprogramming\CMyShader.h(7) : 'CMaterial' の宣言を確認してください。
         CEffect.cpp
     1>c:\users\森近　淳哉\desktop\git\akusyon\ゲーム実習　後期\gameprogramming\CModelX.h(66): warning C4018: '<' : signed と unsigned の数値を比較しようとしました。
     1>c:\users\森近　淳哉\desktop\git\akusyon\ゲーム実習　後期\gameprogramming\CModelX.h(147): warning C4018: '<' : signed と unsigned の数値を比較しようとしました。
     1>c:\users\森近　淳哉\desktop\git\akusyon\ゲーム実習　後期\gameprogramming\CModelX.h(222): warning C4018: '<' : signed と unsigned の数値を比較しようとしました。
     1>c:\users\森近　淳哉\desktop\git\akusyon\ゲーム実習　後期\gameprogramming\CModelX.h(225): warning C4018: '<' : signed と unsigned の数値を比較しようとしました。
     1>c:\users\森近　淳哉\desktop\git\akusyon\ゲーム実習　後期\gameprogramming\CModelX.h(226): warning C4150: 'CMaterial' 型を削除するため delete 演算子が呼び出されましたが、定義がありません。
                 c:\users\森近　淳哉\desktop\git\akusyon\ゲーム実習　後期\gameprogramming\CMyShader.h(7) : 'CMaterial' の宣言を確認してください。
         CEye.cpp
     1>c:\users\森近　淳哉\desktop\git\akusyon\ゲーム実習　後期\gameprogramming\CModelX.h(66): warning C4018: '<' : signed と unsigned の数値を比較しようとしました。
     1>c:\users\森近　淳哉\desktop\git\akusyon\ゲーム実習　後期\gameprogramming\CModelX.h(147): warning C4018: '<' : signed と unsigned の数値を比較しようとしました。
     1>c:\users\森近　淳哉\desktop\git\akusyon\ゲーム実習　後期\gameprogramming\CModelX.h(222): warning C4018: '<' : signed と unsigned の数値を比較しようとしました。
     1>c:\users\森近　淳哉\desktop\git\akusyon\ゲーム実習　後期\gameprogramming\CModelX.h(225): warning C4018: '<' : signed と unsigned の数値を比較しようとしました。
     1>c:\users\森近　淳哉\desktop\git\akusyon\ゲーム実習　後期\gameprogramming\CModelX.h(226): warning C4150: 'CMaterial' 型を削除するため delete 演算子が呼び出されましたが、定義がありません。
                 c:\users\森近　淳哉\desktop\git\akusyon\ゲーム実習　後期\gameprogramming\CMyShader.h(7) : 'CMaterial' の宣言を確認してください。
     1>C:\Program Files (x86)\Windows Kits\8.1\Include\shared\minwindef.h(130): warning C4005: 'APIENTRY' : マクロが再定義されました。
                 C:\Users\森近　淳哉\Desktop\Git\Akusyon\ゲーム実習　後期\GameProgramming\include\GLFW/glfw3.h(98) : 'APIENTRY' の前の定義を確認してください
         CInput.cpp
     1>C:\Program Files (x86)\Windows Kits\8.1\Include\shared\minwindef.h(130): warning C4005: 'APIENTRY' : マクロが再定義されました。
                 C:\Users\森近　淳哉\Desktop\Git\Akusyon\ゲーム実習　後期\GameProgramming\include\GLFW/glfw3.h(98) : 'APIENTRY' の前の定義を確認してください
         CKey.cpp
         CMap.cpp
     1>c:\users\森近　淳哉\desktop\git\akusyon\ゲーム実習　後期\gameprogramming\CModelX.h(66): warning C4018: '<' : signed と unsigned の数値を比較しようとしました。
     1>c:\users\森近　淳哉\desktop\git\akusyon\ゲーム実習　後期\gameprogramming\CModelX.h(147): warning C4018: '<' : signed と unsigned の数値を比較しようとしました。
     1>c:\users\森近　淳哉\desktop\git\akusyon\ゲーム実習　後期\gameprogramming\CModelX.h(222): warning C4018: '<' : signed と unsigned の数値を比較しようとしました。
     1>c:\users\森近　淳哉\desktop\git\akusyon\ゲーム実習　後期\gameprogramming\CModelX.h(225): warning C4018: '<' : signed と unsigned の数値を比較しようとしました。
     1>c:\users\森近　淳哉\desktop\git\akusyon\ゲーム実習　後期\gameprogramming\CModelX.h(226): warning C4150: 'CMaterial' 型を削除するため delete 演算子が呼び出されましたが、定義がありません。
                 c:\users\森近　淳哉\desktop\git\akusyon\ゲーム実習　後期\gameprogramming\CMyShader.h(7) : 'CMaterial' の宣言を確認してください。
         CMaterial.cpp
     1>c:\users\森近　淳哉\desktop\git\akusyon\ゲーム実習　後期\gameprogramming\CModelX.h(66): warning C4018: '<' : signed と unsigned の数値を比較しようとしました。
     1>c:\users\森近　淳哉\desktop\git\akusyon\ゲーム実習　後期\gameprogramming\CModelX.h(147): warning C4018: '<' : signed と unsigned の数値を比較しようとしました。
     1>c:\users\森近　淳哉\desktop\git\akusyon\ゲーム実習　後期\gameprogramming\CModelX.h(222): warning C4018: '<' : signed と unsigned の数値を比較しようとしました。
     1>c:\users\森近　淳哉\desktop\git\akusyon\ゲーム実習　後期\gameprogramming\CModelX.h(225): warning C4018: '<' : signed と unsigned の数値を比較しようとしました。
     1>c:\users\森近　淳哉\desktop\git\akusyon\ゲーム実習　後期\gameprogramming\CModelX.h(226): warning C4150: 'CMaterial' 型を削除するため delete 演算子が呼び出されましたが、定義がありません。
                 c:\users\森近　淳哉\desktop\git\akusyon\ゲーム実習　後期\gameprogramming\CMyShader.h(7) : 'CMaterial' の宣言を確認してください。
     1>CMaterial.cpp(25): warning C4996: 'strcpy': This function or variable may be unsafe. Consider using strcpy_s instead. To disable deprecation, use _CRT_SECURE_NO_WARNINGS. See online help for details.
                 C:\Program Files (x86)\Microsoft Visual Studio 12.0\VC\include\string.h(112) : 'strcpy' の宣言を確認してください。
         CMatrix.cpp
     1>CMatrix.cpp(52): warning C4244: '初期化中' : 'double' から 'float' への変換です。データが失われる可能性があります。
     1>CMatrix.cpp(64): warning C4244: '初期化中' : 'double' から 'float' への変換です。データが失われる可能性があります。
     1>CMatrix.cpp(73): warning C4244: '初期化中' : 'double' から 'float' への変換です。データが失われる可能性があります。
         CModel.cpp
     1>c:\users\森近　淳哉\desktop\git\akusyon\ゲーム実習　後期\gameprogramming\CModelX.h(66): warning C4018: '<' : signed と unsigned の数値を比較しようとしました。
     1>c:\users\森近　淳哉\desktop\git\akusyon\ゲーム実習　後期\gameprogramming\CModelX.h(147): warning C4018: '<' : signed と unsigned の数値を比較しようとしました。
     1>c:\users\森近　淳哉\desktop\git\akusyon\ゲーム実習　後期\gameprogramming\CModelX.h(222): warning C4018: '<' : signed と unsigned の数値を比較しようとしました。
     1>c:\users\森近　淳哉\desktop\git\akusyon\ゲーム実習　後期\gameprogramming\CModelX.h(225): warning C4018: '<' : signed と unsigned の数値を比較しようとしました。
     1>c:\users\森近　淳哉\desktop\git\akusyon\ゲーム実習　後期\gameprogramming\CModelX.h(226): warning C4150: 'CMaterial' 型を削除するため delete 演算子が呼び出されましたが、定義がありません。
                 c:\users\森近　淳哉\desktop\git\akusyon\ゲーム実習　後期\gameprogramming\CMyShader.h(7) : 'CMaterial' の宣言を確認してください。
     1>CModel.cpp(21): warning C4996: 'fopen': This function or variable may be unsafe. Consider using fopen_s instead. To disable deprecation, use _CRT_SECURE_NO_WARNINGS. See online help for details.
                 C:\Program Files (x86)\Microsoft Visual Studio 12.0\VC\include\stdio.h(211) : 'fopen' の宣言を確認してください。
     1>CModel.cpp(37): warning C4996: 'sscanf': This function or variable may be unsafe. Consider using sscanf_s instead. To disable deprecation, use _CRT_SECURE_NO_WARNINGS. See online help for details.
                 C:\Program Files (x86)\Microsoft Visual Studio 12.0\VC\include\stdio.h(304) : 'sscanf' の宣言を確認してください。
     1>CModel.cpp(46): warning C4996: 'strncpy': This function or variable may be unsafe. Consider using strncpy_s instead. To disable deprecation, use _CRT_SECURE_NO_WARNINGS. See online help for details.
                 C:\Program Files (x86)\Microsoft Visual Studio 12.0\VC\include\string.h(195) : 'strncpy' の宣言を確認してください。
     1>CModel.cpp(77): warning C4996: 'fopen': This function or variable may be unsafe. Consider using fopen_s instead. To disable deprecation, use _CRT_SECURE_NO_WARNINGS. See online help for details.
                 C:\Program Files (x86)\Microsoft Visual Studio 12.0\VC\include\stdio.h(211) : 'fopen' の宣言を確認してください。
     1>CModel.cpp(102): warning C4996: 'sscanf': This function or variable may be unsafe. Consider using sscanf_s instead. To disable deprecation, use _CRT_SECURE_NO_WARNINGS. See online help for details.
                 C:\Program Files (x86)\Microsoft Visual Studio 12.0\VC\include\stdio.h(304) : 'sscanf' の宣言を確認してください。
     1>CModel.cpp(119): warning C4996: 'sscanf': This function or variable may be unsafe. Consider using sscanf_s instead. To disable deprecation, use _CRT_SECURE_NO_WARNINGS. See online help for details.
                 C:\Program Files (x86)\Microsoft Visual Studio 12.0\VC\include\stdio.h(304) : 'sscanf' の宣言を確認してください。
     1>CModel.cpp(120): warning C4996: 'sscanf': This function or variable may be unsafe. Consider using sscanf_s instead. To disable deprecation, use _CRT_SECURE_NO_WARNINGS. See online help for details.
                 C:\Program Files (x86)\Microsoft Visual Studio 12.0\VC\include\stdio.h(304) : 'sscanf' の宣言を確認してください。
     1>CModel.cpp(121): warning C4996: 'sscanf': This function or variable may be unsafe. Consider using sscanf_s instead. To disable deprecation, use _CRT_SECURE_NO_WARNINGS. See online help for details.
                 C:\Program Files (x86)\Microsoft Visual Studio 12.0\VC\include\stdio.h(304) : 'sscanf' の宣言を確認してください。
     1>CModel.cpp(135): warning C4996: 'sscanf': This function or variable may be unsafe. Consider using sscanf_s instead. To disable deprecation, use _CRT_SECURE_NO_WARNINGS. See online help for details.
                 C:\Program Files (x86)\Microsoft Visual Studio 12.0\VC\include\stdio.h(304) : 'sscanf' の宣言を確認してください。
     1>CModel.cpp(136): warning C4996: 'sscanf': This function or variable may be unsafe. Consider using sscanf_s instead. To disable deprecation, use _CRT_SECURE_NO_WARNINGS. See online help for details.
                 C:\Program Files (x86)\Microsoft Visual Studio 12.0\VC\include\stdio.h(304) : 'sscanf' の宣言を確認してください。
     1>CModel.cpp(137): warning C4996: 'sscanf': This function or variable may be unsafe. Consider using sscanf_s instead. To disable deprecation, use _CRT_SECURE_NO_WARNINGS. See online help for details.
                 C:\Program Files (x86)\Microsoft Visual Studio 12.0\VC\include\stdio.h(304) : 'sscanf' の宣言を確認してください。
     1>CModel.cpp(192): warning C4018: '<' : signed と unsigned の数値を比較しようとしました。
     1>CModel.cpp(194): warning C4018: '<' : signed と unsigned の数値を比較しようとしました。
     1>CModel.cpp(236): warning C4018: '<' : signed と unsigned の数値を比較しようとしました。
     1>CModel.cpp(269): warning C4018: '<' : signed と unsigned の数値を比較しようとしました。
         CModelX.cpp
     1>c:\users\森近　淳哉\desktop\git\akusyon\ゲーム実習　後期\gameprogramming\CModelX.h(66): warning C4018: '<' : signed と unsigned の数値を比較しようとしました。
     1>c:\users\森近　淳哉\desktop\git\akusyon\ゲーム実習　後期\gameprogramming\CModelX.h(147): warning C4018: '<' : signed と unsigned の数値を比較しようとしました。
     1>c:\users\森近　淳哉\desktop\git\akusyon\ゲーム実習　後期\gameprogramming\CModelX.h(222): warning C4018: '<' : signed と unsigned の数値を比較しようとしました。
     1>c:\users\森近　淳哉\desktop\git\akusyon\ゲーム実習　後期\gameprogramming\CModelX.h(225): warning C4018: '<' : signed と unsigned の数値を比較しようとしました。
     1>c:\users\森近　淳哉\desktop\git\akusyon\ゲーム実習　後期\gameprogramming\CModelX.h(226): warning C4150: 'CMaterial' 型を削除するため delete 演算子が呼び出されましたが、定義がありません。
                 c:\users\森近　淳哉\desktop\git\akusyon\ゲーム実習　後期\gameprogramming\CMyShader.h(7) : 'CMaterial' の宣言を確認してください。
     1>CModelX.cpp(11): warning C4996: 'fopen': This function or variable may be unsafe. Consider using fopen_s instead. To disable deprecation, use _CRT_SECURE_NO_WARNINGS. See online help for details.
                 C:\Program Files (x86)\Microsoft Visual Studio 12.0\VC\include\stdio.h(211) : 'fopen' の宣言を確認してください。
     1>CModelX.cpp(94): warning C4018: '<' : signed と unsigned の数値を比較しようとしました。
     1>CModelX.cpp(183): warning C4996: 'strcpy': This function or variable may be unsafe. Consider using strcpy_s instead. To disable deprecation, use _CRT_SECURE_NO_WARNINGS. See online help for details.
                 C:\Program Files (x86)\Microsoft Visual Studio 12.0\VC\include\string.h(112) : 'strcpy' の宣言を確認してください。
     1>CModelX.cpp(401): warning C4018: '<' : signed と unsigned の数値を比較しようとしました。
     1>CModelX.cpp(426): warning C4018: '<' : signed と unsigned の数値を比較しようとしました。
     1>CModelX.cpp(494): warning C4018: '<' : signed と unsigned の数値を比較しようとしました。
     1>CModelX.cpp(515): warning C4996: 'strcpy': This function or variable may be unsafe. Consider using strcpy_s instead. To disable deprecation, use _CRT_SECURE_NO_WARNINGS. See online help for details.
                 C:\Program Files (x86)\Microsoft Visual Studio 12.0\VC\include\string.h(112) : 'strcpy' の宣言を確認してください。
     1>CModelX.cpp(579): warning C4996: 'strcpy': This function or variable may be unsafe. Consider using strcpy_s instead. To disable deprecation, use _CRT_SECURE_NO_WARNINGS. See online help for details.
                 C:\Program Files (x86)\Microsoft Visual Studio 12.0\VC\include\string.h(112) : 'strcpy' の宣言を確認してください。
     1>CModelX.cpp(622): warning C4996: 'strcpy': This function or variable may be unsafe. Consider using strcpy_s instead. To disable deprecation, use _CRT_SECURE_NO_WARNINGS. See online help for details.
                 C:\Program Files (x86)\Microsoft Visual Studio 12.0\VC\include\string.h(112) : 'strcpy' の宣言を確認してください。
     1>CModelX.cpp(741): warning C4018: '<' : signed と unsigned の数値を比較しようとしました。
     1>CModelX.cpp(746): warning C4018: '<' : signed と unsigned の数値を比較しようとしました。
     1>CModelX.cpp(754): warning C4018: '<' : signed と unsigned の数値を比較しようとしました。
     1>CModelX.cpp(759): warning C4018: '<' : signed と unsigned の数値を比較しようとしました。
     1>CModelX.cpp(810): warning C4018: '<' : signed と unsigned の数値を比較しようとしました。
     1>CModelX.cpp(828): warning C4018: '<' : signed と unsigned の数値を比較しようとしました。
     1>CModelX.cpp(832): warning C4018: '<' : signed と unsigned の数値を比較しようとしました。
     1>CModelX.cpp(843): warning C4018: '<' : signed と unsigned の数値を比較しようとしました。
     1>CModelX.cpp(853): warning C4018: '<' : signed と unsigned の数値を比較しようとしました。
     1>CModelX.cpp(891): warning C4996: 'strcpy': This function or variable may be unsafe. Consider using strcpy_s instead. To disable deprecation, use _CRT_SECURE_NO_WARNINGS. See online help for details.
                 C:\Program Files (x86)\Microsoft Visual Studio 12.0\VC\include\string.h(112) : 'strcpy' の宣言を確認してください。
     1>CModelX.cpp(893): warning C4018: '<' : signed と unsigned の数値を比較しようとしました。
     1>CModelX.cpp(896): warning C4996: 'strcpy': This function or variable may be unsafe. Consider using strcpy_s instead. To disable deprecation, use _CRT_SECURE_NO_WARNINGS. See online help for details.
                 C:\Program Files (x86)\Microsoft Visual Studio 12.0\VC\include\string.h(112) : 'strcpy' の宣言を確認してください。
     1>CModelX.cpp(937): warning C4018: '<' : signed と unsigned の数値を比較しようとしました。
     1>CModelX.cpp(953): warning C4018: '<' : signed と unsigned の数値を比較しようとしました。
         CMyShader.cpp
     1>c:\users\森近　淳哉\desktop\git\akusyon\ゲーム実習　後期\gameprogramming\CModelX.h(66): warning C4018: '<' : signed と unsigned の数値を比較しようとしました。
     1>c:\users\森近　淳哉\desktop\git\akusyon\ゲーム実習　後期\gameprogramming\CModelX.h(147): warning C4018: '<' : signed と unsigned の数値を比較しようとしました。
     1>c:\users\森近　淳哉\desktop\git\akusyon\ゲーム実習　後期\gameprogramming\CModelX.h(222): warning C4018: '<' : signed と unsigned の数値を比較しようとしました。
     1>c:\users\森近　淳哉\desktop\git\akusyon\ゲーム実習　後期\gameprogramming\CModelX.h(225): warning C4018: '<' : signed と unsigned の数値を比較しようとしました。
     1>c:\users\森近　淳哉\desktop\git\akusyon\ゲーム実習　後期\gameprogramming\CModelX.h(226): warning C4150: 'CMaterial' 型を削除するため delete 演算子が呼び出されましたが、定義がありません。
                 c:\users\森近　淳哉\desktop\git\akusyon\ゲーム実習　後期\gameprogramming\CMyShader.h(7) : 'CMaterial' の宣言を確認してください。
     1>CMyShader.cpp(12): warning C4018: '<' : signed と unsigned の数値を比較しようとしました。
     1>CMyShader.cpp(26): warning C4018: '<' : signed と unsigned の数値を比較しようとしました。
     1>CMyShader.cpp(84): warning C4018: '<' : signed と unsigned の数値を比較しようとしました。
         CObj.cpp
     1>c:\users\森近　淳哉\desktop\git\akusyon\ゲーム実習　後期\gameprogramming\CModelX.h(66): warning C4018: '<' : signed と unsigned の数値を比較しようとしました。
     1>c:\users\森近　淳哉\desktop\git\akusyon\ゲーム実習　後期\gameprogramming\CModelX.h(147): warning C4018: '<' : signed と unsigned の数値を比較しようとしました。
     1>c:\users\森近　淳哉\desktop\git\akusyon\ゲーム実習　後期\gameprogramming\CModelX.h(222): warning C4018: '<' : signed と unsigned の数値を比較しようとしました。
     1>c:\users\森近　淳哉\desktop\git\akusyon\ゲーム実習　後期\gameprogramming\CModelX.h(225): warning C4018: '<' : signed と unsigned の数値を比較しようとしました。
     1>c:\users\森近　淳哉\desktop\git\akusyon\ゲーム実習　後期\gameprogramming\CModelX.h(226): warning C4150: 'CMaterial' 型を削除するため delete 演算子が呼び出されましたが、定義がありません。
                 c:\users\森近　淳哉\desktop\git\akusyon\ゲーム実習　後期\gameprogramming\CMyShader.h(7) : 'CMaterial' の宣言を確認してください。
     1>CObj.cpp(15): warning C4018: '<' : signed と unsigned の数値を比較しようとしました。
         CPoint.cpp
     1>c:\users\森近　淳哉\desktop\git\akusyon\ゲーム実習　後期\gameprogramming\CModelX.h(66): warning C4018: '<' : signed と unsigned の数値を比較しようとしました。
     1>c:\users\森近　淳哉\desktop\git\akusyon\ゲーム実習　後期\gameprogramming\CModelX.h(147): warning C4018: '<' : signed と unsigned の数値を比較しようとしました。
     1>c:\users\森近　淳哉\desktop\git\akusyon\ゲーム実習　後期\gameprogramming\CModelX.h(222): warning C4018: '<' : signed と unsigned の数値を比較しようとしました。
     1>c:\users\森近　淳哉\desktop\git\akusyon\ゲーム実習　後期\gameprogramming\CModelX.h(225): warning C4018: '<' : signed と unsigned の数値を比較しようとしました。
     1>c:\users\森近　淳哉\desktop\git\akusyon\ゲーム実習　後期\gameprogramming\CModelX.h(226): warning C4150: 'CMaterial' 型を削除するため delete 演算子が呼び出されましたが、定義がありません。
                 c:\users\森近　淳哉\desktop\git\akusyon\ゲーム実習　後期\gameprogramming\CMyShader.h(7) : 'CMaterial' の宣言を確認してください。
         CPuddle.cpp
     1>c:\users\森近　淳哉\desktop\git\akusyon\ゲーム実習　後期\gameprogramming\CModelX.h(66): warning C4018: '<' : signed と unsigned の数値を比較しようとしました。
     1>c:\users\森近　淳哉\desktop\git\akusyon\ゲーム実習　後期\gameprogramming\CModelX.h(147): warning C4018: '<' : signed と unsigned の数値を比較しようとしました。
     1>c:\users\森近　淳哉\desktop\git\akusyon\ゲーム実習　後期\gameprogramming\CModelX.h(222): warning C4018: '<' : signed と unsigned の数値を比較しようとしました。
     1>c:\users\森近　淳哉\desktop\git\akusyon\ゲーム実習　後期\gameprogramming\CModelX.h(225): warning C4018: '<' : signed と unsigned の数値を比較しようとしました。
     1>c:\users\森近　淳哉\desktop\git\akusyon\ゲーム実習　後期\gameprogramming\CModelX.h(226): warning C4150: 'CMaterial' 型を削除するため delete 演算子が呼び出されましたが、定義がありません。
                 c:\users\森近　淳哉\desktop\git\akusyon\ゲーム実習　後期\gameprogramming\CMyShader.h(7) : 'CMaterial' の宣言を確認してください。
     1>C:\Program Files (x86)\Windows Kits\8.1\Include\shared\minwindef.h(130): warning C4005: 'APIENTRY' : マクロが再定義されました。
                 C:\Users\森近　淳哉\Desktop\Git\Akusyon\ゲーム実習　後期\GameProgramming\include\GLFW/glfw3.h(98) : 'APIENTRY' の前の定義を確認してください
         CPuddle1.cpp
     1>c:\users\森近　淳哉\desktop\git\akusyon\ゲーム実習　後期\gameprogramming\CModelX.h(66): warning C4018: '<' : signed と unsigned の数値を比較しようとしました。
     1>c:\users\森近　淳哉\desktop\git\akusyon\ゲーム実習　後期\gameprogramming\CModelX.h(147): warning C4018: '<' : signed と unsigned の数値を比較しようとしました。
     1>c:\users\森近　淳哉\desktop\git\akusyon\ゲーム実習　後期\gameprogramming\CModelX.h(222): warning C4018: '<' : signed と unsigned の数値を比較しようとしました。
     1>c:\users\森近　淳哉\desktop\git\akusyon\ゲーム実習　後期\gameprogramming\CModelX.h(225): warning C4018: '<' : signed と unsigned の数値を比較しようとしました。
     1>c:\users\森近　淳哉\desktop\git\akusyon\ゲーム実習　後期\gameprogramming\CModelX.h(226): warning C4150: 'CMaterial' 型を削除するため delete 演算子が呼び出されましたが、定義がありません。
                 c:\users\森近　淳哉\desktop\git\akusyon\ゲーム実習　後期\gameprogramming\CMyShader.h(7) : 'CMaterial' の宣言を確認してください。
     1>C:\Program Files (x86)\Windows Kits\8.1\Include\shared\minwindef.h(130): warning C4005: 'APIENTRY' : マクロが再定義されました。
                 C:\Users\森近　淳哉\Desktop\Git\Akusyon\ゲーム実習　後期\GameProgramming\include\GLFW/glfw3.h(98) : 'APIENTRY' の前の定義を確認してください
         コンパイル中...
         CPuddle2.cpp
     1>c:\users\森近　淳哉\desktop\git\akusyon\ゲーム実習　後期\gameprogramming\CModelX.h(66): warning C4018: '<' : signed と unsigned の数値を比較しようとしました。
     1>c:\users\森近　淳哉\desktop\git\akusyon\ゲーム実習　後期\gameprogramming\CModelX.h(147): warning C4018: '<' : signed と unsigned の数値を比較しようとしました。
     1>c:\users\森近　淳哉\desktop\git\akusyon\ゲーム実習　後期\gameprogramming\CModelX.h(222): warning C4018: '<' : signed と unsigned の数値を比較しようとしました。
     1>c:\users\森近　淳哉\desktop\git\akusyon\ゲーム実習　後期\gameprogramming\CModelX.h(225): warning C4018: '<' : signed と unsigned の数値を比較しようとしました。
     1>c:\users\森近　淳哉\desktop\git\akusyon\ゲーム実習　後期\gameprogramming\CModelX.h(226): warning C4150: 'CMaterial' 型を削除するため delete 演算子が呼び出されましたが、定義がありません。
                 c:\users\森近　淳哉\desktop\git\akusyon\ゲーム実習　後期\gameprogramming\CMyShader.h(7) : 'CMaterial' の宣言を確認してください。
     1>C:\Program Files (x86)\Windows Kits\8.1\Include\shared\minwindef.h(130): warning C4005: 'APIENTRY' : マクロが再定義されました。
                 C:\Users\森近　淳哉\Desktop\Git\Akusyon\ゲーム実習　後期\GameProgramming\include\GLFW/glfw3.h(98) : 'APIENTRY' の前の定義を確認してください
         CRectangle.cpp
         CRock.cpp
     1>c:\users\森近　淳哉\desktop\git\akusyon\ゲーム実習　後期\gameprogramming\CModelX.h(66): warning C4018: '<' : signed と unsigned の数値を比較しようとしました。
     1>c:\users\森近　淳哉\desktop\git\akusyon\ゲーム実習　後期\gameprogramming\CModelX.h(147): warning C4018: '<' : signed と unsigned の数値を比較しようとしました。
     1>c:\users\森近　淳哉\desktop\git\akusyon\ゲーム実習　後期\gameprogramming\CModelX.h(222): warning C4018: '<' : signed と unsigned の数値を比較しようとしました。
     1>c:\users\森近　淳哉\desktop\git\akusyon\ゲーム実習　後期\gameprogramming\CModelX.h(225): warning C4018: '<' : signed と unsigned の数値を比較しようとしました。
     1>c:\users\森近　淳哉\desktop\git\akusyon\ゲーム実習　後期\gameprogramming\CModelX.h(226): warning C4150: 'CMaterial' 型を削除するため delete 演算子が呼び出されましたが、定義がありません。
                 c:\users\森近　淳哉\desktop\git\akusyon\ゲーム実習　後期\gameprogramming\CMyShader.h(7) : 'CMaterial' の宣言を確認してください。
         CRock2.cpp
     1>c:\users\森近　淳哉\desktop\git\akusyon\ゲーム実習　後期\gameprogramming\CModelX.h(66): warning C4018: '<' : signed と unsigned の数値を比較しようとしました。
     1>c:\users\森近　淳哉\desktop\git\akusyon\ゲーム実習　後期\gameprogramming\CModelX.h(147): warning C4018: '<' : signed と unsigned の数値を比較しようとしました。
     1>c:\users\森近　淳哉\desktop\git\akusyon\ゲーム実習　後期\gameprogramming\CModelX.h(222): warning C4018: '<' : signed と unsigned の数値を比較しようとしました。
     1>c:\users\森近　淳哉\desktop\git\akusyon\ゲーム実習　後期\gameprogramming\CModelX.h(225): warning C4018: '<' : signed と unsigned の数値を比較しようとしました。
     1>c:\users\森近　淳哉\desktop\git\akusyon\ゲーム実習　後期\gameprogramming\CModelX.h(226): warning C4150: 'CMaterial' 型を削除するため delete 演算子が呼び出されましたが、定義がありません。
                 c:\users\森近　淳哉\desktop\git\akusyon\ゲーム実習　後期\gameprogramming\CMyShader.h(7) : 'CMaterial' の宣言を確認してください。
         CSceneTitle.cpp
     1>CSceneTitle.cpp(24): warning C4018: '<' : signed と unsigned の数値を比較しようとしました。
     1>CSceneTitle.cpp(49): warning C4018: '<' : signed と unsigned の数値を比較しようとしました。
         CShader.cpp
     1>CShader.cpp(12): warning C4996: 'fopen': This function or variable may be unsafe. Consider using fopen_s instead. To disable deprecation, use _CRT_SECURE_NO_WARNINGS. See online help for details.
                 C:\Program Files (x86)\Microsoft Visual Studio 12.0\VC\include\stdio.h(211) : 'fopen' の宣言を確認してください。
         CXEnemy.cpp
     1>c:\users\森近　淳哉\desktop\git\akusyon\ゲーム実習　後期\gameprogramming\CModelX.h(66): warning C4018: '<' : signed と unsigned の数値を比較しようとしました。
     1>c:\users\森近　淳哉\desktop\git\akusyon\ゲーム実習　後期\gameprogramming\CModelX.h(147): warning C4018: '<' : signed と unsigned の数値を比較しようとしました。
     1>c:\users\森近　淳哉\desktop\git\akusyon\ゲーム実習　後期\gameprogramming\CModelX.h(222): warning C4018: '<' : signed と unsigned の数値を比較しようとしました。
     1>c:\users\森近　淳哉\desktop\git\akusyon\ゲーム実習　後期\gameprogramming\CModelX.h(225): warning C4018: '<' : signed と unsigned の数値を比較しようとしました。
     1>c:\users\森近　淳哉\desktop\git\akusyon\ゲーム実習　後期\gameprogramming\CModelX.h(226): warning C4150: 'CMaterial' 型を削除するため delete 演算子が呼び出されましたが、定義がありません。
                 c:\users\森近　淳哉\desktop\git\akusyon\ゲーム実習　後期\gameprogramming\CMyShader.h(7) : 'CMaterial' の宣言を確認してください。
         CXEnemy1.cpp
     1>c:\users\森近　淳哉\desktop\git\akusyon\ゲーム実習　後期\gameprogramming\CModelX.h(66): warning C4018: '<' : signed と unsigned の数値を比較しようとしました。
     1>c:\users\森近　淳哉\desktop\git\akusyon\ゲーム実習　後期\gameprogramming\CModelX.h(147): warning C4018: '<' : signed と unsigned の数値を比較しようとしました。
     1>c:\users\森近　淳哉\desktop\git\akusyon\ゲーム実習　後期\gameprogramming\CModelX.h(222): warning C4018: '<' : signed と unsigned の数値を比較しようとしました。
     1>c:\users\森近　淳哉\desktop\git\akusyon\ゲーム実習　後期\gameprogramming\CModelX.h(225): warning C4018: '<' : signed と unsigned の数値を比較しようとしました。
     1>c:\users\森近　淳哉\desktop\git\akusyon\ゲーム実習　後期\gameprogramming\CModelX.h(226): warning C4150: 'CMaterial' 型を削除するため delete 演算子が呼び出されましたが、定義がありません。
                 c:\users\森近　淳哉\desktop\git\akusyon\ゲーム実習　後期\gameprogramming\CMyShader.h(7) : 'CMaterial' の宣言を確認してください。
         CXEnemy2.cpp
     1>c:\users\森近　淳哉\desktop\git\akusyon\ゲーム実習　後期\gameprogramming\CModelX.h(66): warning C4018: '<' : signed と unsigned の数値を比較しようとしました。
     1>c:\users\森近　淳哉\desktop\git\akusyon\ゲーム実習　後期\gameprogramming\CModelX.h(147): warning C4018: '<' : signed と unsigned の数値を比較しようとしました。
     1>c:\users\森近　淳哉\desktop\git\akusyon\ゲーム実習　後期\gameprogramming\CModelX.h(222): warning C4018: '<' : signed と unsigned の数値を比較しようとしました。
     1>c:\users\森近　淳哉\desktop\git\akusyon\ゲーム実習　後期\gameprogramming\CModelX.h(225): warning C4018: '<' : signed と unsigned の数値を比較しようとしました。
     1>c:\users\森近　淳哉\desktop\git\akusyon\ゲーム実習　後期\gameprogramming\CModelX.h(226): warning C4150: 'CMaterial' 型を削除するため delete 演算子が呼び出されましたが、定義がありません。
                 c:\users\森近　淳哉\desktop\git\akusyon\ゲーム実習　後期\gameprogramming\CMyShader.h(7) : 'CMaterial' の宣言を確認してください。
         CXPlayer.cpp
     1>c:\users\森近　淳哉\desktop\git\akusyon\ゲーム実習　後期\gameprogramming\CModelX.h(66): warning C4018: '<' : signed と unsigned の数値を比較しようとしました。
     1>c:\users\森近　淳哉\desktop\git\akusyon\ゲーム実習　後期\gameprogramming\CModelX.h(147): warning C4018: '<' : signed と unsigned の数値を比較しようとしました。
     1>c:\users\森近　淳哉\desktop\git\akusyon\ゲーム実習　後期\gameprogramming\CModelX.h(222): warning C4018: '<' : signed と unsigned の数値を比較しようとしました。
     1>c:\users\森近　淳哉\desktop\git\akusyon\ゲーム実習　後期\gameprogramming\CModelX.h(225): warning C4018: '<' : signed と unsigned の数値を比較しようとしました。
     1>c:\users\森近　淳哉\desktop\git\akusyon\ゲーム実習　後期\gameprogramming\CModelX.h(226): warning C4150: 'CMaterial' 型を削除するため delete 演算子が呼び出されましたが、定義がありません。
                 c:\users\森近　淳哉\desktop\git\akusyon\ゲーム実習　後期\gameprogramming\CMyShader.h(7) : 'CMaterial' の宣言を確認してください。
     1>C:\Program Files (x86)\Windows Kits\8.1\Include\shared\minwindef.h(130): warning C4005: 'APIENTRY' : マクロが再定義されました。
                 C:\Users\森近　淳哉\Desktop\Git\Akusyon\ゲーム実習　後期\GameProgramming\include\GLFW/glfw3.h(98) : 'APIENTRY' の前の定義を確認してください
         CRes.cpp
     1>c:\users\森近　淳哉\desktop\git\akusyon\ゲーム実習　後期\gameprogramming\CModelX.h(66): warning C4018: '<' : signed と unsigned の数値を比較しようとしました。
     1>c:\users\森近　淳哉\desktop\git\akusyon\ゲーム実習　後期\gameprogramming\CModelX.h(147): warning C4018: '<' : signed と unsigned の数値を比較しようとしました。
     1>c:\users\森近　淳哉\desktop\git\akusyon\ゲーム実習　後期\gameprogramming\CModelX.h(222): warning C4018: '<' : signed と unsigned の数値を比較しようとしました。
     1>c:\users\森近　淳哉\desktop\git\akusyon\ゲーム実習　後期\gameprogramming\CModelX.h(225): warning C4018: '<' : signed と unsigned の数値を比較しようとしました。
     1>c:\users\森近　淳哉\desktop\git\akusyon\ゲーム実習　後期\gameprogramming\CModelX.h(226): warning C4150: 'CMaterial' 型を削除するため delete 演算子が呼び出されましたが、定義がありません。
                 c:\users\森近　淳哉\desktop\git\akusyon\ゲーム実習　後期\gameprogramming\CMyShader.h(7) : 'CMaterial' の宣言を確認してください。
         CScene.cpp
         CSceneGame.cpp
     1>c:\users\森近　淳哉\desktop\git\akusyon\ゲーム実習　後期\gameprogramming\CModelX.h(66): warning C4018: '<' : signed と unsigned の数値を比較しようとしました。
     1>c:\users\森近　淳哉\desktop\git\akusyon\ゲーム実習　後期\gameprogramming\CModelX.h(147): warning C4018: '<' : signed と unsigned の数値を比較しようとしました。
     1>c:\users\森近　淳哉\desktop\git\akusyon\ゲーム実習　後期\gameprogramming\CModelX.h(222): warning C4018: '<' : signed と unsigned の数値を比較しようとしました。
     1>c:\users\森近　淳哉\desktop\git\akusyon\ゲーム実習　後期\gameprogramming\CModelX.h(225): warning C4018: '<' : signed と unsigned の数値を比較しようとしました。
     1>c:\users\森近　淳哉\desktop\git\akusyon\ゲーム実習　後期\gameprogramming\CModelX.h(226): warning C4150: 'CMaterial' 型を削除するため delete 演算子が呼び出されましたが、定義がありません。
                 c:\users\森近　淳哉\desktop\git\akusyon\ゲーム実習　後期\gameprogramming\CMyShader.h(7) : 'CMaterial' の宣言を確認してください。
         CSceneManager.cpp
     1>c:\users\森近　淳哉\desktop\git\akusyon\ゲーム実習　後期\gameprogramming\CModelX.h(66): warning C4018: '<' : signed と unsigned の数値を比較しようとしました。
     1>c:\users\森近　淳哉\desktop\git\akusyon\ゲーム実習　後期\gameprogramming\CModelX.h(147): warning C4018: '<' : signed と unsigned の数値を比較しようとしました。
     1>c:\users\森近　淳哉\desktop\git\akusyon\ゲーム実習　後期\gameprogramming\CModelX.h(222): warning C4018: '<' : signed と unsigned の数値を比較しようとしました。
     1>c:\users\森近　淳哉\desktop\git\akusyon\ゲーム実習　後期\gameprogramming\CModelX.h(225): warning C4018: '<' : signed と unsigned の数値を比較しようとしました。
     1>c:\users\森近　淳哉\desktop\git\akusyon\ゲーム実習　後期\gameprogramming\CModelX.h(226): warning C4150: 'CMaterial' 型を削除するため delete 演算子が呼び出されましたが、定義がありません。
                 c:\users\森近　淳哉\desktop\git\akusyon\ゲーム実習　後期\gameprogramming\CMyShader.h(7) : 'CMaterial' の宣言を確認してください。
         CTaskManager.cpp
         CText.cpp
         CTexture.cpp
     1>CTexture.cpp(48): warning C4996: 'fopen': This function or variable may be unsafe. Consider using fopen_s instead. To disable deprecation, use _CRT_SECURE_NO_WARNINGS. See online help for details.
                 C:\Program Files (x86)\Microsoft Visual Studio 12.0\VC\include\stdio.h(211) : 'fopen' の宣言を確認してください。
     1>CTexture.cpp(55): warning C4996: 'strcpy': This function or variable may be unsafe. Consider using strcpy_s instead. To disable deprecation, use _CRT_SECURE_NO_WARNINGS. See online help for details.
                 C:\Program Files (x86)\Microsoft Visual Studio 12.0\VC\include\string.h(112) : 'strcpy' の宣言を確認してください。
         CTransform.cpp
         CTriangle.cpp
         CVector.cpp
         コンパイル中...
         CXCharacter.cpp
     1>c:\users\森近　淳哉\desktop\git\akusyon\ゲーム実習　後期\gameprogramming\CModelX.h(66): warning C4018: '<' : signed と unsigned の数値を比較しようとしました。
     1>c:\users\森近　淳哉\desktop\git\akusyon\ゲーム実習　後期\gameprogramming\CModelX.h(147): warning C4018: '<' : signed と unsigned の数値を比較しようとしました。
     1>c:\users\森近　淳哉\desktop\git\akusyon\ゲーム実習　後期\gameprogramming\CModelX.h(222): warning C4018: '<' : signed と unsigned の数値を比較しようとしました。
     1>c:\users\森近　淳哉\desktop\git\akusyon\ゲーム実習　後期\gameprogramming\CModelX.h(225): warning C4018: '<' : signed と unsigned の数値を比較しようとしました。
     1>c:\users\森近　淳哉\desktop\git\akusyon\ゲーム実習　後期\gameprogramming\CModelX.h(226): warning C4150: 'CMaterial' 型を削除するため delete 演算子が呼び出されましたが、定義がありません。
                 c:\users\森近　淳哉\desktop\git\akusyon\ゲーム実習　後期\gameprogramming\CMyShader.h(7) : 'CMaterial' の宣言を確認してください。
     1>CXCharacter.cpp(86): warning C4018: '<' : signed と unsigned の数値を比較しようとしました。
         main.cpp
         CWaterGun.cpp
     1>c:\users\森近　淳哉\desktop\git\akusyon\ゲーム実習　後期\gameprogramming\CModelX.h(66): warning C4018: '<' : signed と unsigned の数値を比較しようとしました。
     1>c:\users\森近　淳哉\desktop\git\akusyon\ゲーム実習　後期\gameprogramming\CModelX.h(147): warning C4018: '<' : signed と unsigned の数値を比較しようとしました。
     1>c:\users\森近　淳哉\desktop\git\akusyon\ゲーム実習　後期\gameprogramming\CModelX.h(222): warning C4018: '<' : signed と unsigned の数値を比較しようとしました。
     1>c:\users\森近　淳哉\desktop\git\akusyon\ゲーム実習　後期\gameprogramming\CModelX.h(225): warning C4018: '<' : signed と unsigned の数値を比較しようとしました。
     1>c:\users\森近　淳哉\desktop\git\akusyon\ゲーム実習　後期\gameprogramming\CModelX.h(226): warning C4150: 'CMaterial' 型を削除するため delete 演算子が呼び出されましたが、定義がありません。
                 c:\users\森近　淳哉\desktop\git\akusyon\ゲーム実習　後期\gameprogramming\CMyShader.h(7) : 'CMaterial' の宣言を確認してください。
       Link:
         C:\Program Files (x86)\Microsoft Visual Studio 12.0\VC\bin\link.exe /ERRORREPORT:PROMPT /OUT:"C:\Users\森近　淳哉\Desktop\Git\Akusyon\ゲーム実習　後期\Release\GameProgramming.exe" /INCREMENTAL:NO /NOLOGO glew32.lib glfw3.lib glfw3dll.lib glut32.lib kernel32.lib user32.lib gdi32.lib winspool.lib comdlg32.lib advapi32.lib shell32.lib ole32.lib oleaut32.lib uuid.lib odbc32.lib odbccp32.lib /MANIFEST /MANIFESTUAC:"level='asInvoker' uiAccess='false'" /manifest:embed /DEBUG /PDB:"C:\Users\森近　淳哉\Desktop\Git\Akusyon\ゲーム実習　後期\Release\GameProgramming.pdb" /SUBSYSTEM:CONSOLE /OPT:REF /OPT:ICF /LTCG /TLBID:1 /DYNAMICBASE /NXCOMPAT /IMPLIB:"C:\Users\森近　淳哉\Desktop\Git\Akusyon\ゲーム実習　後期\Release\GameProgramming.lib" /MACHINE:X86 /SAFESEH Release\CBillBoard.obj
         Release\CBullet.obj
         Release\CCamera.obj
         Release\CCharacter.obj
         Release\CCollider.obj
         Release\CCollisionManager.obj
         Release\CEffect.obj
         Release\CEye.obj
         Release\CInput.obj
         Release\CKey.obj
         Release\CMap.obj
         Release\CMaterial.obj
         Release\CMatrix.obj
         Release\CModel.obj
         Release\CModelX.obj
         Release\CMyShader.obj
         Release\CObj.obj
         Release\CPoint.obj
         Release\CPuddle.obj
         Release\CPuddle1.obj
         Release\CPuddle2.obj
         Release\CRectangle.obj
         Release\CRock.obj
         Release\CRock2.obj
         Release\CSceneTitle.obj
         Release\CShader.obj
         Release\CXEnemy.obj
         Release\CXEnemy1.obj
         Release\CXEnemy2.obj
         Release\CXPlayer.obj
         Release\CRes.obj
         Release\CScene.obj
         Release\CSceneGame.obj
         Release\CSceneManager.obj
         Release\CTaskManager.obj
         Release\CText.obj
         Release\CTexture.obj
         Release\CTransform.obj
         Release\CTriangle.obj
         Release\CVector.obj
         Release\CXCharacter.obj
         Release\main.obj
         Release\CWaterGun.obj
         コード生成しています。
         コード生成が終了しました。
         GameProgramming.vcxproj -> C:\Users\森近　淳哉\Desktop\Git\Akusyon\ゲーム実習　後期\Release\GameProgramming.exe
     1>プロジェクト "C:\Users\森近　淳哉\Desktop\Git\Akusyon\ゲーム実習　後期\GameProgramming\GameProgramming.vcxproj" (Rebuild ターゲット) のビルドが完了しました。

ビルドに成功しました。

経過時間 00:00:12.30
